2026-01-24 00:17:52,772 - INFO - Initializing BlenderBakeGUI with target: None
2026-01-24 00:22:05,933 - INFO - Initializing BlenderBakeGUI with target: None
2026-01-24 00:35:13,266 - INFO - Initializing BlenderBakeGUI with target: C:\Users\HG_maison\Documents\Contexthub\Diagnostics\gui_captures\tmp\3d\blender_bake_gui\sample.obj
2026-01-24 00:38:42,331 - INFO - Initializing BlenderBakeGUI with target: C:\Users\HG_maison\Documents\Contexthub\Diagnostics\gui_captures\tmp\3d\blender_bake_gui\sample.obj
2026-01-28 00:52:27,862 - INFO - Initializing BlenderBakeGUI with target: C:\Users\HG_maison\Documents\Contexthub\Diagnostics\gui_captures\tmp\3d\blender_bake_gui\sample.obj
2026-01-28 01:06:02,643 - INFO - Initializing BlenderBakeGUI with target: C:\Users\HG_maison\Documents\Contexthub\Diagnostics\gui_captures\tmp\3d\blender_bake_gui\sample.obj
2026-01-28 01:08:26,070 - INFO - Initializing BlenderBakeGUI with target: C:\Users\HG_maison\Documents\Contexthub\Diagnostics\gui_captures\tmp\3d\blender_bake_gui\sample.obj
2026-01-28 01:09:56,400 - INFO - Initializing BlenderBakeGUI with target: C:\Users\HG_maison\Documents\Contexthub\Diagnostics\gui_captures\tmp\3d\blender_bake_gui\sample.obj
2026-01-28 02:01:41,223 - INFO - Initializing BlenderBakeGUI with target: C:\Users\HG_maison\Documents\Contexthub\Diagnostics\gui_captures\tmp\3d\blender_bake_gui\sample.obj
2026-01-28 02:16:45,714 - INFO - Initializing BlenderBakeGUI with target: C:\Users\HG_maison\Documents\Contexthub\Diagnostics\gui_captures\tmp\3d\blender_bake_gui\sample.obj
2026-01-28 02:35:41,391 - INFO - Initializing BlenderBakeGUI with target: C:\Users\HG_maison\Documents\Contexthub\Diagnostics\gui_captures\tmp\3d\blender_bake_gui\sample.obj
2026-01-28 03:13:48,589 - INFO - Initializing BlenderBakeGUI with target: C:\Users\HG_maison\Documents\Contexthub\Diagnostics\gui_captures\tmp\3d\blender_bake_gui\sample.obj
2026-01-28 04:28:07,981 - INFO - Initializing BlenderBakeGUI with target: C:\Users\HG_maison\Documents\Contexthub\Diagnostics\gui_captures\tmp\3d\blender_bake_gui\sample.obj
2026-01-28 04:29:59,932 - INFO - Initializing BlenderBakeGUI with target: C:\Users\HG_maison\Documents\Contexthub\Diagnostics\gui_captures\tmp\3d\blender_bake_gui\sample.obj
2026-01-28 10:13:00,763 - INFO - Initializing BlenderBakeGUI with target: C:\Users\HG_maison\Documents\Contexthub\Diagnostics\gui_captures\tmp\3d\blender_bake_gui\sample.obj
2026-01-28 13:26:19,147 - INFO - Initializing BlenderBakeGUI with target: C:\Users\HG_maison\Documents\Contexthub\Diagnostics\gui_captures\tmp\3d\blender_bake_gui\sample.obj
2026-01-28 13:59:38,903 - INFO - Initializing BlenderBakeGUI with target: C:\Users\HG_maison\Documents\Contexthub\Diagnostics\gui_captures\tmp\3d\blender_bake_gui\sample.obj
2026-02-18 19:09:02,334 - INFO - Initializing BlenderBakeGUI with target: C:\Users\HG_maison\Desktop\29X8U4ZNYO_1.jpg
2026-02-18 19:09:02,335 - INFO - Selection: [WindowsPath('C:/Users/HG_maison/Desktop/29X8U4ZNYO_1.jpg')]
2026-02-20 03:20:11,394 - INFO - Initializing BlenderBakeGUI with target: C:\Users\HG_maison\Documents\Contexthub\Apps_installed\3d\_engine\manuals\headless_inputs\sample.obj
2026-02-20 03:25:19,093 - INFO - Initializing BlenderBakeGUI with target: C:\Users\HG_maison\Documents\Contexthub\Apps_installed\3d\_engine\manuals\headless_inputs\sample.obj
2026-02-20 03:30:00,238 - INFO - Initializing BlenderBakeGUI with target: C:\Users\HG_maison\Documents\Contexthub\Apps_installed\3d\_engine\manuals\headless_inputs\sample.obj
